Traceback (most recent call last):
  File "/Users/ndonyapour/anaconda3/lib/python3.6/runpy.py", line 193, in _run_module_as_main
    "__main__", mod_spec)
  File "/Users/ndonyapour/anaconda3/lib/python3.6/runpy.py", line 85, in _run_code
    exec(code, run_globals)
  File "/Users/ndonyapour/anaconda3/lib/python3.6/site-packages/scoop/bootstrap/__main__.py", line 302, in <module>
    b.main()
  File "/Users/ndonyapour/anaconda3/lib/python3.6/site-packages/scoop/bootstrap/__main__.py", line 92, in main
    self.run()
  File "/Users/ndonyapour/anaconda3/lib/python3.6/site-packages/scoop/bootstrap/__main__.py", line 257, in run
    globs.update(self.setupEnvironment(self))
  File "/Users/ndonyapour/anaconda3/lib/python3.6/site-packages/scoop/bootstrap/__main__.py", line 210, in setupEnvironment
    scoop.MAIN_MODULE,
  File "/Users/ndonyapour/anaconda3/lib/python3.6/site-packages/scoop/bootstrap/__main__.py", line 35, in <lambda>
    importFunction = lambda name, path: importlib.machinery.SourceFileLoader(name, path).load_module()
  File "<frozen importlib._bootstrap_external>", line 399, in _check_name_wrapper
  File "<frozen importlib._bootstrap_external>", line 823, in load_module
  File "<frozen importlib._bootstrap_external>", line 682, in load_module
  File "<frozen importlib._bootstrap>", line 251, in _load_module_shim
  File "<frozen importlib._bootstrap>", line 675, in _load
  File "<frozen importlib._bootstrap>", line 655, in _load_unlocked
  File "<frozen importlib._bootstrap_external>", line 678, in exec_module
  File "<frozen importlib._bootstrap>", line 205, in _call_with_frames_removed
  File "we.py", line 10, in <module>
    from wepy.resampling.wexplore2  import WExplore2Resampler
  File "/Users/ndonyapour/wepy/wepy/resampling/wexplore2.py", line 7, in <module>
    from wepy.resampling.decision import Decision
  File "/Users/ndonyapour/wepy/wepy/resampling/decision.py", line 6
    KEEP-MERGE = 2
    ^
SyntaxError: can't assign to operator
Traceback (most recent call last):
  File "/Users/ndonyapour/anaconda3/lib/python3.6/runpy.py", line 193, in _run_module_as_main
    "__main__", mod_spec)
  File "/Users/ndonyapour/anaconda3/lib/python3.6/runpy.py", line 85, in _run_code
    exec(code, run_globals)
  File "/Users/ndonyapour/anaconda3/lib/python3.6/site-packages/scoop/bootstrap/__main__.py", line 302, in <module>
    b.main()
  File "/Users/ndonyapour/anaconda3/lib/python3.6/site-packages/scoop/bootstrap/__main__.py", line 92, in main
    self.run()
  File "/Users/ndonyapour/anaconda3/lib/python3.6/site-packages/scoop/bootstrap/__main__.py", line 257, in run
    globs.update(self.setupEnvironment(self))
  File "/Users/ndonyapour/anaconda3/lib/python3.6/site-packages/scoop/bootstrap/__main__.py", line 210, in setupEnvironment
    scoop.MAIN_MODULE,
  File "/Users/ndonyapour/anaconda3/lib/python3.6/site-packages/scoop/bootstrap/__main__.py", line 35, in <lambda>
    importFunction = lambda name, path: importlib.machinery.SourceFileLoader(name, path).load_module()
  File "<frozen importlib._bootstrap_external>", line 399, in _check_name_wrapper
  File "<frozen importlib._bootstrap_external>", line 823, in load_module
  File "<frozen importlib._bootstrap_external>", line 682, in load_module
  File "<frozen importlib._bootstrap>", line 251, in _load_module_shim
  File "<frozen importlib._bootstrap>", line 675, in _load
  File "<frozen importlib._bootstrap>", line 655, in _load_unlocked
  File "<frozen importlib._bootstrap_external>", line 678, in exec_module
  File "<frozen importlib._bootstrap>", line 205, in _call_with_frames_removed
  File "we.py", line 10, in <module>
    from wepy.resampling.wexplore2  import WExplore2Resampler
  File "/Users/ndonyapour/wepy/wepy/resampling/wexplore2.py", line 7, in <module>
    from wepy.resampling.decision import Decision
  File "/Users/ndonyapour/wepy/wepy/resampling/decision.py", line 6
    KEEP-MERGE = 2
    ^
SyntaxError: can't assign to operator
Traceback (most recent call last):
  File "/Users/ndonyapour/anaconda3/lib/python3.6/runpy.py", line 193, in _run_module_as_main
    "__main__", mod_spec)
  File "/Users/ndonyapour/anaconda3/lib/python3.6/runpy.py", line 85, in _run_code
    exec(code, run_globals)
  File "/Users/ndonyapour/anaconda3/lib/python3.6/site-packages/scoop/bootstrap/__main__.py", line 302, in <module>
    b.main()
  File "/Users/ndonyapour/anaconda3/lib/python3.6/site-packages/scoop/bootstrap/__main__.py", line 92, in main
    self.run()
  File "/Users/ndonyapour/anaconda3/lib/python3.6/site-packages/scoop/bootstrap/__main__.py", line 257, in run
    globs.update(self.setupEnvironment(self))
  File "/Users/ndonyapour/anaconda3/lib/python3.6/site-packages/scoop/bootstrap/__main__.py", line 210, in setupEnvironment
    scoop.MAIN_MODULE,
  File "/Users/ndonyapour/anaconda3/lib/python3.6/site-packages/scoop/bootstrap/__main__.py", line 35, in <lambda>
    importFunction = lambda name, path: importlib.machinery.SourceFileLoader(name, path).load_module()
  File "<frozen importlib._bootstrap_external>", line 399, in _check_name_wrapper
  File "<frozen importlib._bootstrap_external>", line 823, in load_module
  File "<frozen importlib._bootstrap_external>", line 682, in load_module
  File "<frozen importlib._bootstrap>", line 251, in _load_module_shim
  File "<frozen importlib._bootstrap>", line 675, in _load
  File "<frozen importlib._bootstrap>", line 655, in _load_unlocked
  File "<frozen importlib._bootstrap_external>", line 678, in exec_module
  File "<frozen importlib._bootstrap>", line 205, in _call_with_frames_removed
  File "we.py", line 10, in <module>
    from wepy.resampling.wexplore2  import WExplore2Resampler
  File "/Users/ndonyapour/wepy/wepy/resampling/wexplore2.py", line 7, in <module>
    from wepy.resampling.decision import Decision
  File "/Users/ndonyapour/wepy/wepy/resampling/decision.py", line 6
    KEEP-MERGE = 2
    ^
SyntaxError: can't assign to operator
Traceback (most recent call last):
  File "/Users/ndonyapour/anaconda3/lib/python3.6/runpy.py", line 193, in _run_module_as_main
    "__main__", mod_spec)
  File "/Users/ndonyapour/anaconda3/lib/python3.6/runpy.py", line 85, in _run_code
    exec(code, run_globals)
  File "/Users/ndonyapour/anaconda3/lib/python3.6/site-packages/scoop/bootstrap/__main__.py", line 302, in <module>
    b.main()
  File "/Users/ndonyapour/anaconda3/lib/python3.6/site-packages/scoop/bootstrap/__main__.py", line 92, in main
    self.run()
  File "/Users/ndonyapour/anaconda3/lib/python3.6/site-packages/scoop/bootstrap/__main__.py", line 257, in run
    globs.update(self.setupEnvironment(self))
  File "/Users/ndonyapour/anaconda3/lib/python3.6/site-packages/scoop/bootstrap/__main__.py", line 210, in setupEnvironment
    scoop.MAIN_MODULE,
  File "/Users/ndonyapour/anaconda3/lib/python3.6/site-packages/scoop/bootstrap/__main__.py", line 35, in <lambda>
    importFunction = lambda name, path: importlib.machinery.SourceFileLoader(name, path).load_module()
  File "<frozen importlib._bootstrap_external>", line 399, in _check_name_wrapper
  File "<frozen importlib._bootstrap_external>", line 823, in load_module
  File "<frozen importlib._bootstrap_external>", line 682, in load_module
  File "<frozen importlib._bootstrap>", line 251, in _load_module_shim
  File "<frozen importlib._bootstrap>", line 675, in _load
  File "<frozen importlib._bootstrap>", line 655, in _load_unlocked
  File "<frozen importlib._bootstrap_external>", line 678, in exec_module
  File "<frozen importlib._bootstrap>", line 205, in _call_with_frames_removed
  File "we.py", line 10, in <module>
    from wepy.resampling.wexplore2  import WExplore2Resampler
  File "/Users/ndonyapour/wepy/wepy/resampling/wexplore2.py", line 7, in <module>
    from wepy.resampling.decision import Decision
  File "/Users/ndonyapour/wepy/wepy/resampling/decision.py", line 6
    KEEP-MERGE = 2
    ^
SyntaxError: can't assign to operator
